<?xml version="1.0" encoding="UTF-8"?>
<testsuite name="dk.kalhauge.webserver.http.ProtocolTest" tests="1" skipped="0" failures="0" errors="0" timestamp="2019-11-26T08:59:55" hostname="AndersMacBook43" time="0.054">
  <properties/>
  <testcase name="testHeaderKey" classname="dk.kalhauge.webserver.http.ProtocolTest" time="0.054"/>
  <system-out><![CDATA[]]></system-out>
  <system-err><![CDATA[]]></system-err>
</testsuite>
